[19-Feb-2018 14:15:20 UTC] PHP Notice:  Undefined variable: show_remember_me in /srv/www/nsiiweb/htdocs/wp-content/themes/betheme/functions/widget-login.php on line 140
[19-Feb-2018 14:17:25 UTC] PHP Notice:  Undefined variable: show_remember_me in /srv/www/nsiiweb/htdocs/wp-content/themes/betheme/functions/widget-login.php on line 140
[19-Feb-2018 14:17:31 UTC] PHP Notice:  Undefined variable: show_remember_me in /srv/www/nsiiweb/htdocs/wp-content/themes/betheme/functions/widget-login.php on line 140
[19-Feb-2018 14:17:56 UTC] PHP Notice:  Trying to get property of non-object in /srv/www/nsiiweb/htdocs/wp-content/plugins/fusion-builder/inc/helpers.php on line 954
[19-Feb-2018 14:17:59 UTC] PHP Notice:  Trying to get property of non-object in /srv/www/nsiiweb/htdocs/wp-content/plugins/fusion-builder/inc/helpers.php on line 954
[19-Feb-2018 14:18:03 UTC] PHP Notice:  Trying to get property of non-object in /srv/www/nsiiweb/htdocs/wp-content/plugins/fusion-builder/inc/helpers.php on line 954
[19-Feb-2018 14:18:09 UTC] PHP Notice:  Trying to get property of non-object in /srv/www/nsiiweb/htdocs/wp-content/plugins/fusion-builder/inc/helpers.php on line 954
[19-Feb-2018 14:18:20 UTC] PHP Warning:  sprintf(): Too few arguments in /srv/www/nsiiweb/htdocs/wp-admin/includes/class-bulk-upgrader-skin.php on line 150
[19-Feb-2018 14:18:26 UTC] PHP Warning:  sprintf(): Too few arguments in /srv/www/nsiiweb/htdocs/wp-admin/includes/class-bulk-upgrader-skin.php on line 150
[19-Feb-2018 14:18:31 UTC] PHP Warning:  sprintf(): Too few arguments in /srv/www/nsiiweb/htdocs/wp-admin/includes/class-bulk-upgrader-skin.php on line 150
[19-Feb-2018 14:18:36 UTC] PHP Warning:  sprintf(): Too few arguments in /srv/www/nsiiweb/htdocs/wp-admin/includes/class-bulk-upgrader-skin.php on line 150
[19-Feb-2018 14:18:50 UTC] PHP Warning:  sprintf(): Too few arguments in /srv/www/nsiiweb/htdocs/wp-admin/includes/class-bulk-upgrader-skin.php on line 150
[19-Feb-2018 14:19:00 UTC] PHP Notice:  Trying to get property of non-object in /srv/www/nsiiweb/htdocs/wp-content/plugins/woosidebars/classes/class-woo-sidebars.php on line 743
[19-Feb-2018 14:19:04 UTC] PHP Warning:  sprintf(): Too few arguments in /srv/www/nsiiweb/htdocs/wp-admin/includes/class-bulk-upgrader-skin.php on line 150
[19-Feb-2018 14:19:09 UTC] PHP Notice:  Trying to get property of non-object in /srv/www/nsiiweb/htdocs/wp-content/plugins/fusion-builder/inc/helpers.php on line 954
[19-Feb-2018 14:19:34 UTC] PHP Notice:  Undefined index: post_parent in /srv/www/nsiiweb/htdocs/wp-content/themes/flatsome/inc/admin/envato_setup/envato_setup.php on line 1208
[19-Feb-2018 14:19:35 UTC] PHP Notice:  Undefined index: post_parent in /srv/www/nsiiweb/htdocs/wp-content/themes/flatsome/inc/admin/envato_setup/envato_setup.php on line 1208
[19-Feb-2018 14:19:35 UTC] PHP Notice:  Undefined index: post_parent in /srv/www/nsiiweb/htdocs/wp-content/themes/flatsome/inc/admin/envato_setup/envato_setup.php on line 1208
[19-Feb-2018 14:19:36 UTC] PHP Notice:  Undefined index: post_parent in /srv/www/nsiiweb/htdocs/wp-content/themes/flatsome/inc/admin/envato_setup/envato_setup.php on line 1208
[19-Feb-2018 14:19:37 UTC] PHP Notice:  Undefined index: post_parent in /srv/www/nsiiweb/htdocs/wp-content/themes/flatsome/inc/admin/envato_setup/envato_setup.php on line 1208
[19-Feb-2018 14:19:37 UTC] PHP Notice:  Undefined index: post_parent in /srv/www/nsiiweb/htdocs/wp-content/themes/flatsome/inc/admin/envato_setup/envato_setup.php on line 1208
[19-Feb-2018 14:19:37 UTC] PHP Notice:  Undefined index: post_parent in /srv/www/nsiiweb/htdocs/wp-content/themes/flatsome/inc/admin/envato_setup/envato_setup.php on line 1208
[19-Feb-2018 14:19:37 UTC] PHP Notice:  Undefined index: post_parent in /srv/www/nsiiweb/htdocs/wp-content/themes/flatsome/inc/admin/envato_setup/envato_setup.php on line 1208
[19-Feb-2018 14:19:37 UTC] PHP Notice:  Undefined index: post_parent in /srv/www/nsiiweb/htdocs/wp-content/themes/flatsome/inc/admin/envato_setup/envato_setup.php on line 1208
[19-Feb-2018 14:19:37 UTC] PHP Notice:  Undefined index: post_parent in /srv/www/nsiiweb/htdocs/wp-content/themes/flatsome/inc/admin/envato_setup/envato_setup.php on line 1208
[19-Feb-2018 14:19:37 UTC] PHP Notice:  Undefined index: post_parent in /srv/www/nsiiweb/htdocs/wp-content/themes/flatsome/inc/admin/envato_setup/envato_setup.php on line 1208
[19-Feb-2018 14:19:37 UTC] PHP Notice:  Undefined index: post_parent in /srv/www/nsiiweb/htdocs/wp-content/themes/flatsome/inc/admin/envato_setup/envato_setup.php on line 1208
[19-Feb-2018 14:19:37 UTC] PHP Notice:  Undefined index: post_parent in /srv/www/nsiiweb/htdocs/wp-content/themes/flatsome/inc/admin/envato_setup/envato_setup.php on line 1208
[19-Feb-2018 14:19:37 UTC] PHP Notice:  Undefined index: post_parent in /srv/www/nsiiweb/htdocs/wp-content/themes/flatsome/inc/admin/envato_setup/envato_setup.php on line 1208
[19-Feb-2018 14:19:38 UTC] PHP Notice:  Undefined index: post_parent in /srv/www/nsiiweb/htdocs/wp-content/themes/flatsome/inc/admin/envato_setup/envato_setup.php on line 1208
[19-Feb-2018 14:19:38 UTC] PHP Notice:  Undefined index: post_parent in /srv/www/nsiiweb/htdocs/wp-content/themes/flatsome/inc/admin/envato_setup/envato_setup.php on line 1208
[19-Feb-2018 14:19:38 UTC] PHP Notice:  Undefined index: post_parent in /srv/www/nsiiweb/htdocs/wp-content/themes/flatsome/inc/admin/envato_setup/envato_setup.php on line 1208
[19-Feb-2018 14:19:38 UTC] PHP Notice:  Undefined index: post_parent in /srv/www/nsiiweb/htdocs/wp-content/themes/flatsome/inc/admin/envato_setup/envato_setup.php on line 1208
[19-Feb-2018 14:19:38 UTC] PHP Notice:  Undefined index: post_parent in /srv/www/nsiiweb/htdocs/wp-content/themes/flatsome/inc/admin/envato_setup/envato_setup.php on line 1208
[19-Feb-2018 14:19:38 UTC] PHP Notice:  Undefined index: post_parent in /srv/www/nsiiweb/htdocs/wp-content/themes/flatsome/inc/admin/envato_setup/envato_setup.php on line 1208
[19-Feb-2018 14:19:38 UTC] PHP Notice:  Undefined index: post_parent in /srv/www/nsiiweb/htdocs/wp-content/themes/flatsome/inc/admin/envato_setup/envato_setup.php on line 1208
[19-Feb-2018 14:19:38 UTC] PHP Notice:  Undefined index: post_parent in /srv/www/nsiiweb/htdocs/wp-content/themes/flatsome/inc/admin/envato_setup/envato_setup.php on line 1208
[19-Feb-2018 14:19:38 UTC] PHP Notice:  Undefined index: post_parent in /srv/www/nsiiweb/htdocs/wp-content/themes/flatsome/inc/admin/envato_setup/envato_setup.php on line 1208
[19-Feb-2018 14:19:38 UTC] PHP Notice:  Undefined index: post_parent in /srv/www/nsiiweb/htdocs/wp-content/themes/flatsome/inc/admin/envato_setup/envato_setup.php on line 1208
[19-Feb-2018 14:19:38 UTC] PHP Notice:  Undefined index: post_parent in /srv/www/nsiiweb/htdocs/wp-content/themes/flatsome/inc/admin/envato_setup/envato_setup.php on line 1208
[19-Feb-2018 14:19:38 UTC] PHP Notice:  Undefined index: post_parent in /srv/www/nsiiweb/htdocs/wp-content/themes/flatsome/inc/admin/envato_setup/envato_setup.php on line 1208
[19-Feb-2018 14:19:38 UTC] PHP Notice:  Undefined index: post_parent in /srv/www/nsiiweb/htdocs/wp-content/themes/flatsome/inc/admin/envato_setup/envato_setup.php on line 1208
[19-Feb-2018 14:19:38 UTC] PHP Notice:  Undefined index: post_parent in /srv/www/nsiiweb/htdocs/wp-content/themes/flatsome/inc/admin/envato_setup/envato_setup.php on line 1208
[19-Feb-2018 14:19:38 UTC] PHP Notice:  Undefined index: post_parent in /srv/www/nsiiweb/htdocs/wp-content/themes/flatsome/inc/admin/envato_setup/envato_setup.php on line 1208
[19-Feb-2018 14:19:38 UTC] PHP Notice:  Undefined index: post_parent in /srv/www/nsiiweb/htdocs/wp-content/themes/flatsome/inc/admin/envato_setup/envato_setup.php on line 1208
[19-Feb-2018 14:19:38 UTC] PHP Notice:  Undefined index: post_parent in /srv/www/nsiiweb/htdocs/wp-content/themes/flatsome/inc/admin/envato_setup/envato_setup.php on line 1208
[19-Feb-2018 14:19:38 UTC] PHP Notice:  Undefined index: post_parent in /srv/www/nsiiweb/htdocs/wp-content/themes/flatsome/inc/admin/envato_setup/envato_setup.php on line 1208
[19-Feb-2018 14:19:38 UTC] PHP Notice:  Undefined index: post_parent in /srv/www/nsiiweb/htdocs/wp-content/themes/flatsome/inc/admin/envato_setup/envato_setup.php on line 1208
[19-Feb-2018 14:19:38 UTC] PHP Notice:  Undefined index: post_parent in /srv/www/nsiiweb/htdocs/wp-content/themes/flatsome/inc/admin/envato_setup/envato_setup.php on line 1208
[19-Feb-2018 14:19:38 UTC] PHP Notice:  Undefined index: post_parent in /srv/www/nsiiweb/htdocs/wp-content/themes/flatsome/inc/admin/envato_setup/envato_setup.php on line 1208
[19-Feb-2018 14:19:38 UTC] PHP Notice:  Undefined index: post_parent in /srv/www/nsiiweb/htdocs/wp-content/themes/flatsome/inc/admin/envato_setup/envato_setup.php on line 1208
[19-Feb-2018 14:19:38 UTC] PHP Notice:  Undefined index: post_parent in /srv/www/nsiiweb/htdocs/wp-content/themes/flatsome/inc/admin/envato_setup/envato_setup.php on line 1208
[19-Feb-2018 14:19:38 UTC] PHP Notice:  Undefined index: post_parent in /srv/www/nsiiweb/htdocs/wp-content/themes/flatsome/inc/admin/envato_setup/envato_setup.php on line 1208
[19-Feb-2018 14:19:38 UTC] PHP Notice:  Undefined index: post_parent in /srv/www/nsiiweb/htdocs/wp-content/themes/flatsome/inc/admin/envato_setup/envato_setup.php on line 1208
[19-Feb-2018 14:19:38 UTC] PHP Notice:  Undefined index: post_parent in /srv/www/nsiiweb/htdocs/wp-content/themes/flatsome/inc/admin/envato_setup/envato_setup.php on line 1208
[19-Feb-2018 14:19:38 UTC] PHP Notice:  Undefined index: post_parent in /srv/www/nsiiweb/htdocs/wp-content/themes/flatsome/inc/admin/envato_setup/envato_setup.php on line 1208
[19-Feb-2018 14:19:38 UTC] PHP Notice:  Undefined index: post_parent in /srv/www/nsiiweb/htdocs/wp-content/themes/flatsome/inc/admin/envato_setup/envato_setup.php on line 1208
[19-Feb-2018 14:19:38 UTC] PHP Notice:  Undefined index: post_parent in /srv/www/nsiiweb/htdocs/wp-content/themes/flatsome/inc/admin/envato_setup/envato_setup.php on line 1208
[19-Feb-2018 14:19:38 UTC] PHP Notice:  Undefined index: post_parent in /srv/www/nsiiweb/htdocs/wp-content/themes/flatsome/inc/admin/envato_setup/envato_setup.php on line 1208
[19-Feb-2018 14:19:38 UTC] PHP Notice:  Undefined index: post_parent in /srv/www/nsiiweb/htdocs/wp-content/themes/flatsome/inc/admin/envato_setup/envato_setup.php on line 1208
[19-Feb-2018 14:19:38 UTC] PHP Notice:  Undefined index: post_parent in /srv/www/nsiiweb/htdocs/wp-content/themes/flatsome/inc/admin/envato_setup/envato_setup.php on line 1208
[19-Feb-2018 14:19:38 UTC] PHP Notice:  Undefined index: post_parent in /srv/www/nsiiweb/htdocs/wp-content/themes/flatsome/inc/admin/envato_setup/envato_setup.php on line 1208
[19-Feb-2018 14:19:38 UTC] PHP Notice:  Undefined index: post_parent in /srv/www/nsiiweb/htdocs/wp-content/themes/flatsome/inc/admin/envato_setup/envato_setup.php on line 1208
[19-Feb-2018 14:19:38 UTC] PHP Notice:  Undefined index: post_parent in /srv/www/nsiiweb/htdocs/wp-content/themes/flatsome/inc/admin/envato_setup/envato_setup.php on line 1208
[19-Feb-2018 14:19:38 UTC] PHP Notice:  Undefined index: post_parent in /srv/www/nsiiweb/htdocs/wp-content/themes/flatsome/inc/admin/envato_setup/envato_setup.php on line 1208
[19-Feb-2018 14:19:38 UTC] PHP Notice:  Undefined index: post_parent in /srv/www/nsiiweb/htdocs/wp-content/themes/flatsome/inc/admin/envato_setup/envato_setup.php on line 1208
[19-Feb-2018 14:19:38 UTC] PHP Notice:  Undefined index: post_parent in /srv/www/nsiiweb/htdocs/wp-content/themes/flatsome/inc/admin/envato_setup/envato_setup.php on line 1208
[19-Feb-2018 14:19:38 UTC] PHP Notice:  Undefined index: post_parent in /srv/www/nsiiweb/htdocs/wp-content/themes/flatsome/inc/admin/envato_setup/envato_setup.php on line 1208
[19-Feb-2018 14:19:38 UTC] PHP Notice:  Undefined index: post_parent in /srv/www/nsiiweb/htdocs/wp-content/themes/flatsome/inc/admin/envato_setup/envato_setup.php on line 1208
[19-Feb-2018 14:19:38 UTC] PHP Notice:  Undefined index: post_parent in /srv/www/nsiiweb/htdocs/wp-content/themes/flatsome/inc/admin/envato_setup/envato_setup.php on line 1208
[19-Feb-2018 14:19:38 UTC] PHP Notice:  Undefined index: post_parent in /srv/www/nsiiweb/htdocs/wp-content/themes/flatsome/inc/admin/envato_setup/envato_setup.php on line 1208
[19-Feb-2018 14:19:38 UTC] PHP Notice:  Undefined index: post_parent in /srv/www/nsiiweb/htdocs/wp-content/themes/flatsome/inc/admin/envato_setup/envato_setup.php on line 1208
[19-Feb-2018 14:19:38 UTC] PHP Notice:  Undefined index: post_parent in /srv/www/nsiiweb/htdocs/wp-content/themes/flatsome/inc/admin/envato_setup/envato_setup.php on line 1208
[19-Feb-2018 14:19:38 UTC] PHP Notice:  Undefined index: post_parent in /srv/www/nsiiweb/htdocs/wp-content/themes/flatsome/inc/admin/envato_setup/envato_setup.php on line 1208
[19-Feb-2018 14:19:38 UTC] PHP Notice:  Undefined index: post_parent in /srv/www/nsiiweb/htdocs/wp-content/themes/flatsome/inc/admin/envato_setup/envato_setup.php on line 1208
[19-Feb-2018 14:19:38 UTC] PHP Notice:  Undefined index: post_parent in /srv/www/nsiiweb/htdocs/wp-content/themes/flatsome/inc/admin/envato_setup/envato_setup.php on line 1208
[19-Feb-2018 14:19:38 UTC] PHP Notice:  Undefined index: post_parent in /srv/www/nsiiweb/htdocs/wp-content/themes/flatsome/inc/admin/envato_setup/envato_setup.php on line 1208
[19-Feb-2018 14:19:39 UTC] PHP Notice:  Undefined index: post_parent in /srv/www/nsiiweb/htdocs/wp-content/themes/flatsome/inc/admin/envato_setup/envato_setup.php on line 1208
[19-Feb-2018 14:19:39 UTC] PHP Notice:  Undefined index: post_parent in /srv/www/nsiiweb/htdocs/wp-content/themes/flatsome/inc/admin/envato_setup/envato_setup.php on line 1208
[19-Feb-2018 14:19:39 UTC] PHP Notice:  Undefined index: post_parent in /srv/www/nsiiweb/htdocs/wp-content/themes/flatsome/inc/admin/envato_setup/envato_setup.php on line 1208
[19-Feb-2018 14:19:39 UTC] PHP Notice:  Undefined index: post_parent in /srv/www/nsiiweb/htdocs/wp-content/themes/flatsome/inc/admin/envato_setup/envato_setup.php on line 1208
[19-Feb-2018 14:19:39 UTC] PHP Notice:  Undefined index: post_parent in /srv/www/nsiiweb/htdocs/wp-content/themes/flatsome/inc/admin/envato_setup/envato_setup.php on line 1208
[19-Feb-2018 14:19:39 UTC] PHP Notice:  Undefined index: post_parent in /srv/www/nsiiweb/htdocs/wp-content/themes/flatsome/inc/admin/envato_setup/envato_setup.php on line 1208
[19-Feb-2018 14:19:39 UTC] PHP Notice:  Undefined index: post_parent in /srv/www/nsiiweb/htdocs/wp-content/themes/flatsome/inc/admin/envato_setup/envato_setup.php on line 1208
[19-Feb-2018 14:19:39 UTC] PHP Notice:  Undefined index: post_parent in /srv/www/nsiiweb/htdocs/wp-content/themes/flatsome/inc/admin/envato_setup/envato_setup.php on line 1208
[19-Feb-2018 14:19:39 UTC] PHP Notice:  Undefined index: post_parent in /srv/www/nsiiweb/htdocs/wp-content/themes/flatsome/inc/admin/envato_setup/envato_setup.php on line 1208
[19-Feb-2018 14:19:39 UTC] PHP Notice:  Undefined index: post_parent in /srv/www/nsiiweb/htdocs/wp-content/themes/flatsome/inc/admin/envato_setup/envato_setup.php on line 1208
[19-Feb-2018 14:19:39 UTC] PHP Notice:  Undefined index: post_parent in /srv/www/nsiiweb/htdocs/wp-content/themes/flatsome/inc/admin/envato_setup/envato_setup.php on line 1208
[19-Feb-2018 14:19:39 UTC] PHP Notice:  Undefined index: post_parent in /srv/www/nsiiweb/htdocs/wp-content/themes/flatsome/inc/admin/envato_setup/envato_setup.php on line 1208
[19-Feb-2018 14:19:39 UTC] PHP Notice:  Undefined index: post_parent in /srv/www/nsiiweb/htdocs/wp-content/themes/flatsome/inc/admin/envato_setup/envato_setup.php on line 1208
[19-Feb-2018 14:19:39 UTC] PHP Notice:  Undefined index: post_parent in /srv/www/nsiiweb/htdocs/wp-content/themes/flatsome/inc/admin/envato_setup/envato_setup.php on line 1208
[19-Feb-2018 14:19:39 UTC] PHP Notice:  Undefined index: post_parent in /srv/www/nsiiweb/htdocs/wp-content/themes/flatsome/inc/admin/envato_setup/envato_setup.php on line 1208
[19-Feb-2018 14:19:39 UTC] PHP Notice:  Undefined index: post_parent in /srv/www/nsiiweb/htdocs/wp-content/themes/flatsome/inc/admin/envato_setup/envato_setup.php on line 1208
[19-Feb-2018 14:19:39 UTC] PHP Notice:  Undefined index: post_parent in /srv/www/nsiiweb/htdocs/wp-content/themes/flatsome/inc/admin/envato_setup/envato_setup.php on line 1208
[19-Feb-2018 14:19:39 UTC] PHP Notice:  Undefined index: post_parent in /srv/www/nsiiweb/htdocs/wp-content/themes/flatsome/inc/admin/envato_setup/envato_setup.php on line 1208
[19-Feb-2018 14:19:39 UTC] PHP Notice:  Undefined index: post_parent in /srv/www/nsiiweb/htdocs/wp-content/themes/flatsome/inc/admin/envato_setup/envato_setup.php on line 1208
[19-Feb-2018 14:19:39 UTC] PHP Notice:  Undefined index: post_parent in /srv/www/nsiiweb/htdocs/wp-content/themes/flatsome/inc/admin/envato_setup/envato_setup.php on line 1208
[19-Feb-2018 14:19:39 UTC] PHP Notice:  Undefined index: post_parent in /srv/www/nsiiweb/htdocs/wp-content/themes/flatsome/inc/admin/envato_setup/envato_setup.php on line 1208
[19-Feb-2018 14:19:39 UTC] PHP Notice:  Undefined index: post_parent in /srv/www/nsiiweb/htdocs/wp-content/themes/flatsome/inc/admin/envato_setup/envato_setup.php on line 1208
[19-Feb-2018 14:19:39 UTC] PHP Notice:  Undefined index: post_parent in /srv/www/nsiiweb/htdocs/wp-content/themes/flatsome/inc/admin/envato_setup/envato_setup.php on line 1208
[19-Feb-2018 14:19:39 UTC] PHP Notice:  Undefined index: post_parent in /srv/www/nsiiweb/htdocs/wp-content/themes/flatsome/inc/admin/envato_setup/envato_setup.php on line 1208
[19-Feb-2018 14:19:39 UTC] PHP Notice:  Undefined index: post_parent in /srv/www/nsiiweb/htdocs/wp-content/themes/flatsome/inc/admin/envato_setup/envato_setup.php on line 1208
[19-Feb-2018 14:19:39 UTC] PHP Notice:  Undefined index: post_parent in /srv/www/nsiiweb/htdocs/wp-content/themes/flatsome/inc/admin/envato_setup/envato_setup.php on line 1208
[19-Feb-2018 14:19:39 UTC] PHP Notice:  Undefined index: post_parent in /srv/www/nsiiweb/htdocs/wp-content/themes/flatsome/inc/admin/envato_setup/envato_setup.php on line 1208
[19-Feb-2018 14:19:39 UTC] PHP Notice:  Undefined index: post_parent in /srv/www/nsiiweb/htdocs/wp-content/themes/flatsome/inc/admin/envato_setup/envato_setup.php on line 1208
[19-Feb-2018 14:19:39 UTC] PHP Notice:  Undefined index: post_parent in /srv/www/nsiiweb/htdocs/wp-content/themes/flatsome/inc/admin/envato_setup/envato_setup.php on line 1208
[19-Feb-2018 14:19:39 UTC] PHP Notice:  Undefined index: post_parent in /srv/www/nsiiweb/htdocs/wp-content/themes/flatsome/inc/admin/envato_setup/envato_setup.php on line 1208
[19-Feb-2018 14:19:39 UTC] PHP Notice:  Undefined index: post_parent in /srv/www/nsiiweb/htdocs/wp-content/themes/flatsome/inc/admin/envato_setup/envato_setup.php on line 1208
[19-Feb-2018 14:19:39 UTC] PHP Notice:  Undefined index: post_parent in /srv/www/nsiiweb/htdocs/wp-content/themes/flatsome/inc/admin/envato_setup/envato_setup.php on line 1208
[19-Feb-2018 14:19:39 UTC] PHP Notice:  Undefined index: post_parent in /srv/www/nsiiweb/htdocs/wp-content/themes/flatsome/inc/admin/envato_setup/envato_setup.php on line 1208
[19-Feb-2018 14:19:39 UTC] PHP Notice:  Undefined index: post_parent in /srv/www/nsiiweb/htdocs/wp-content/themes/flatsome/inc/admin/envato_setup/envato_setup.php on line 1208
[19-Feb-2018 14:19:39 UTC] PHP Notice:  Undefined index: post_parent in /srv/www/nsiiweb/htdocs/wp-content/themes/flatsome/inc/admin/envato_setup/envato_setup.php on line 1208
[19-Feb-2018 14:19:39 UTC] PHP Notice:  Undefined index: post_parent in /srv/www/nsiiweb/htdocs/wp-content/themes/flatsome/inc/admin/envato_setup/envato_setup.php on line 1208
[19-Feb-2018 14:19:39 UTC] PHP Notice:  Undefined index: post_parent in /srv/www/nsiiweb/htdocs/wp-content/themes/flatsome/inc/admin/envato_setup/envato_setup.php on line 1208
[19-Feb-2018 14:19:39 UTC] PHP Notice:  Undefined index: post_parent in /srv/www/nsiiweb/htdocs/wp-content/themes/flatsome/inc/admin/envato_setup/envato_setup.php on line 1208
[19-Feb-2018 14:19:39 UTC] PHP Notice:  Undefined index: post_parent in /srv/www/nsiiweb/htdocs/wp-content/themes/flatsome/inc/admin/envato_setup/envato_setup.php on line 1208
[19-Feb-2018 14:19:40 UTC] PHP Notice:  Undefined index: post_parent in /srv/www/nsiiweb/htdocs/wp-content/themes/flatsome/inc/admin/envato_setup/envato_setup.php on line 1208
[19-Feb-2018 14:19:40 UTC] PHP Notice:  Undefined index: post_parent in /srv/www/nsiiweb/htdocs/wp-content/themes/flatsome/inc/admin/envato_setup/envato_setup.php on line 1208
[19-Feb-2018 14:19:40 UTC] PHP Notice:  Undefined index: post_parent in /srv/www/nsiiweb/htdocs/wp-content/themes/flatsome/inc/admin/envato_setup/envato_setup.php on line 1208
[19-Feb-2018 14:19:40 UTC] PHP Notice:  Undefined index: post_parent in /srv/www/nsiiweb/htdocs/wp-content/themes/flatsome/inc/admin/envato_setup/envato_setup.php on line 1208
[19-Feb-2018 14:19:40 UTC] PHP Notice:  Undefined index: post_parent in /srv/www/nsiiweb/htdocs/wp-content/themes/flatsome/inc/admin/envato_setup/envato_setup.php on line 1208
[19-Feb-2018 14:19:40 UTC] PHP Notice:  Undefined index: post_parent in /srv/www/nsiiweb/htdocs/wp-content/themes/flatsome/inc/admin/envato_setup/envato_setup.php on line 1208
[19-Feb-2018 14:19:40 UTC] PHP Notice:  Undefined index: post_parent in /srv/www/nsiiweb/htdocs/wp-content/themes/flatsome/inc/admin/envato_setup/envato_setup.php on line 1208
[19-Feb-2018 14:19:40 UTC] PHP Notice:  Undefined index: post_parent in /srv/www/nsiiweb/htdocs/wp-content/themes/flatsome/inc/admin/envato_setup/envato_setup.php on line 1208
[19-Feb-2018 14:19:40 UTC] PHP Notice:  Undefined index: post_parent in /srv/www/nsiiweb/htdocs/wp-content/themes/flatsome/inc/admin/envato_setup/envato_setup.php on line 1208
[19-Feb-2018 14:19:40 UTC] PHP Notice:  Undefined index: post_parent in /srv/www/nsiiweb/htdocs/wp-content/themes/flatsome/inc/admin/envato_setup/envato_setup.php on line 1208
[19-Feb-2018 14:19:40 UTC] PHP Notice:  Undefined index: post_parent in /srv/www/nsiiweb/htdocs/wp-content/themes/flatsome/inc/admin/envato_setup/envato_setup.php on line 1208
[19-Feb-2018 14:19:40 UTC] PHP Notice:  Undefined index: post_parent in /srv/www/nsiiweb/htdocs/wp-content/themes/flatsome/inc/admin/envato_setup/envato_setup.php on line 1208
[19-Feb-2018 14:19:40 UTC] PHP Notice:  Undefined index: post_parent in /srv/www/nsiiweb/htdocs/wp-content/themes/flatsome/inc/admin/envato_setup/envato_setup.php on line 1208
[19-Feb-2018 14:19:40 UTC] PHP Notice:  Undefined index: post_parent in /srv/www/nsiiweb/htdocs/wp-content/themes/flatsome/inc/admin/envato_setup/envato_setup.php on line 1208
[19-Feb-2018 14:19:40 UTC] PHP Notice:  Undefined index: post_parent in /srv/www/nsiiweb/htdocs/wp-content/themes/flatsome/inc/admin/envato_setup/envato_setup.php on line 1208
[19-Feb-2018 14:19:40 UTC] PHP Notice:  Undefined index: post_parent in /srv/www/nsiiweb/htdocs/wp-content/themes/flatsome/inc/admin/envato_setup/envato_setup.php on line 1208
[19-Feb-2018 14:19:40 UTC] PHP Notice:  Undefined index: post_parent in /srv/www/nsiiweb/htdocs/wp-content/themes/flatsome/inc/admin/envato_setup/envato_setup.php on line 1208
[19-Feb-2018 14:19:40 UTC] PHP Notice:  Undefined index: post_parent in /srv/www/nsiiweb/htdocs/wp-content/themes/flatsome/inc/admin/envato_setup/envato_setup.php on line 1208
[19-Feb-2018 14:19:40 UTC] PHP Notice:  Undefined index: post_parent in /srv/www/nsiiweb/htdocs/wp-content/themes/flatsome/inc/admin/envato_setup/envato_setup.php on line 1208
[19-Feb-2018 14:19:40 UTC] PHP Notice:  Undefined index: post_parent in /srv/www/nsiiweb/htdocs/wp-content/themes/flatsome/inc/admin/envato_setup/envato_setup.php on line 1208
[19-Feb-2018 14:19:40 UTC] PHP Notice:  Undefined index: post_parent in /srv/www/nsiiweb/htdocs/wp-content/themes/flatsome/inc/admin/envato_setup/envato_setup.php on line 1208
[19-Feb-2018 14:19:40 UTC] PHP Notice:  Undefined index: post_parent in /srv/www/nsiiweb/htdocs/wp-content/themes/flatsome/inc/admin/envato_setup/envato_setup.php on line 1208
[19-Feb-2018 14:19:40 UTC] PHP Notice:  Undefined index: post_parent in /srv/www/nsiiweb/htdocs/wp-content/themes/flatsome/inc/admin/envato_setup/envato_setup.php on line 1208
[19-Feb-2018 14:19:40 UTC] PHP Notice:  Undefined index: post_parent in /srv/www/nsiiweb/htdocs/wp-content/themes/flatsome/inc/admin/envato_setup/envato_setup.php on line 1208
[19-Feb-2018 14:19:41 UTC] PHP Notice:  Undefined index: post_parent in /srv/www/nsiiweb/htdocs/wp-content/themes/flatsome/inc/admin/envato_setup/envato_setup.php on line 1208
[19-Feb-2018 14:19:41 UTC] PHP Notice:  Undefined index: post_parent in /srv/www/nsiiweb/htdocs/wp-content/themes/flatsome/inc/admin/envato_setup/envato_setup.php on line 1208
[19-Feb-2018 14:19:41 UTC] PHP Notice:  Undefined index: post_parent in /srv/www/nsiiweb/htdocs/wp-content/themes/flatsome/inc/admin/envato_setup/envato_setup.php on line 1208
[19-Feb-2018 14:19:41 UTC] PHP Notice:  Undefined index: post_parent in /srv/www/nsiiweb/htdocs/wp-content/themes/flatsome/inc/admin/envato_setup/envato_setup.php on line 1208
[19-Feb-2018 14:19:41 UTC] PHP Notice:  Undefined index: post_parent in /srv/www/nsiiweb/htdocs/wp-content/themes/flatsome/inc/admin/envato_setup/envato_setup.php on line 1208
[19-Feb-2018 14:19:41 UTC] PHP Notice:  Undefined index: post_parent in /srv/www/nsiiweb/htdocs/wp-content/themes/flatsome/inc/admin/envato_setup/envato_setup.php on line 1208
[19-Feb-2018 14:19:41 UTC] PHP Notice:  Undefined index: post_parent in /srv/www/nsiiweb/htdocs/wp-content/themes/flatsome/inc/admin/envato_setup/envato_setup.php on line 1208
[19-Feb-2018 14:19:41 UTC] PHP Notice:  Undefined index: post_parent in /srv/www/nsiiweb/htdocs/wp-content/themes/flatsome/inc/admin/envato_setup/envato_setup.php on line 1208
[19-Feb-2018 14:19:41 UTC] PHP Notice:  Undefined index: post_parent in /srv/www/nsiiweb/htdocs/wp-content/themes/flatsome/inc/admin/envato_setup/envato_setup.php on line 1208
[19-Feb-2018 14:19:41 UTC] PHP Notice:  Undefined index: post_parent in /srv/www/nsiiweb/htdocs/wp-content/themes/flatsome/inc/admin/envato_setup/envato_setup.php on line 1208
[19-Feb-2018 14:19:41 UTC] PHP Notice:  Undefined index: post_parent in /srv/www/nsiiweb/htdocs/wp-content/themes/flatsome/inc/admin/envato_setup/envato_setup.php on line 1208
[19-Feb-2018 14:19:41 UTC] PHP Notice:  Undefined index: post_parent in /srv/www/nsiiweb/htdocs/wp-content/themes/flatsome/inc/admin/envato_setup/envato_setup.php on line 1208
[19-Feb-2018 14:19:41 UTC] PHP Notice:  Undefined index: post_parent in /srv/www/nsiiweb/htdocs/wp-content/themes/flatsome/inc/admin/envato_setup/envato_setup.php on line 1208
[19-Feb-2018 14:19:41 UTC] PHP Notice:  Undefined index: post_parent in /srv/www/nsiiweb/htdocs/wp-content/themes/flatsome/inc/admin/envato_setup/envato_setup.php on line 1208
[19-Feb-2018 14:19:41 UTC] PHP Notice:  Undefined index: post_parent in /srv/www/nsiiweb/htdocs/wp-content/themes/flatsome/inc/admin/envato_setup/envato_setup.php on line 1208
[19-Feb-2018 14:19:41 UTC] PHP Notice:  Undefined index: post_parent in /srv/www/nsiiweb/htdocs/wp-content/themes/flatsome/inc/admin/envato_setup/envato_setup.php on line 1208
[19-Feb-2018 14:19:41 UTC] PHP Notice:  Undefined index: post_parent in /srv/www/nsiiweb/htdocs/wp-content/themes/flatsome/inc/admin/envato_setup/envato_setup.php on line 1208
[19-Feb-2018 14:19:41 UTC] PHP Notice:  Undefined index: post_parent in /srv/www/nsiiweb/htdocs/wp-content/themes/flatsome/inc/admin/envato_setup/envato_setup.php on line 1208
[19-Feb-2018 14:19:41 UTC] PHP Notice:  Undefined index: post_parent in /srv/www/nsiiweb/htdocs/wp-content/themes/flatsome/inc/admin/envato_setup/envato_setup.php on line 1208
[19-Feb-2018 14:19:41 UTC] PHP Notice:  Undefined index: post_parent in /srv/www/nsiiweb/htdocs/wp-content/themes/flatsome/inc/admin/envato_setup/envato_setup.php on line 1208
[19-Feb-2018 14:19:41 UTC] PHP Notice:  Undefined index: post_parent in /srv/www/nsiiweb/htdocs/wp-content/themes/flatsome/inc/admin/envato_setup/envato_setup.php on line 1208
[19-Feb-2018 14:19:41 UTC] PHP Notice:  Undefined index: post_parent in /srv/www/nsiiweb/htdocs/wp-content/themes/flatsome/inc/admin/envato_setup/envato_setup.php on line 1208
[19-Feb-2018 14:19:41 UTC] PHP Notice:  Undefined index: post_parent in /srv/www/nsiiweb/htdocs/wp-content/themes/flatsome/inc/admin/envato_setup/envato_setup.php on line 1208
[19-Feb-2018 14:19:41 UTC] PHP Notice:  Undefined index: post_parent in /srv/www/nsiiweb/htdocs/wp-content/themes/flatsome/inc/admin/envato_setup/envato_setup.php on line 1208
[19-Feb-2018 14:19:41 UTC] PHP Notice:  Undefined index: post_parent in /srv/www/nsiiweb/htdocs/wp-content/themes/flatsome/inc/admin/envato_setup/envato_setup.php on line 1208
[19-Feb-2018 14:19:41 UTC] PHP Notice:  Undefined index: post_parent in /srv/www/nsiiweb/htdocs/wp-content/themes/flatsome/inc/admin/envato_setup/envato_setup.php on line 1208
[19-Feb-2018 14:19:41 UTC] PHP Notice:  Undefined index: post_parent in /srv/www/nsiiweb/htdocs/wp-content/themes/flatsome/inc/admin/envato_setup/envato_setup.php on line 1208
[19-Feb-2018 14:19:41 UTC] PHP Notice:  Undefined index: post_parent in /srv/www/nsiiweb/htdocs/wp-content/themes/flatsome/inc/admin/envato_setup/envato_setup.php on line 1208
[19-Feb-2018 14:19:41 UTC] PHP Notice:  Undefined index: post_parent in /srv/www/nsiiweb/htdocs/wp-content/themes/flatsome/inc/admin/envato_setup/envato_setup.php on line 1208
[19-Feb-2018 14:19:41 UTC] PHP Notice:  Undefined index: post_parent in /srv/www/nsiiweb/htdocs/wp-content/themes/flatsome/inc/admin/envato_setup/envato_setup.php on line 1208
[19-Feb-2018 14:19:41 UTC] PHP Notice:  Undefined index: post_parent in /srv/www/nsiiweb/htdocs/wp-content/themes/flatsome/inc/admin/envato_setup/envato_setup.php on line 1208
[19-Feb-2018 14:21:39 UTC] PHP Warning:  Invalid argument supplied for foreach() in /srv/www/nsiiweb/htdocs/wp-content/themes/flatsome/inc/admin/envato_setup/envato_setup.php on line 1733
[19-Feb-2018 14:21:39 UTC] PHP Notice:  Trying to get property of non-object in /srv/www/nsiiweb/htdocs/wp-content/plugins/fusion-builder/inc/helpers.php on line 954
[19-Feb-2018 14:21:59 UTC] PHP Notice:  Trying to get property of non-object in /srv/www/nsiiweb/htdocs/wp-content/plugins/fusion-builder/inc/helpers.php on line 954
[19-Feb-2018 14:22:03 UTC] PHP Notice:  Trying to get property of non-object in /srv/www/nsiiweb/htdocs/wp-content/plugins/fusion-builder/inc/helpers.php on line 954
[19-Feb-2018 14:31:23 UTC] WordPress database error Table 'nsiiweb.nsii_woocommerce_attribute_taxonomies' doesn't exist for query SELECT * FROM nsii_woocommerce_attribute_taxonomies WHERE attribute_name != '' ORDER BY attribute_name ASC; made by require_once('wp-admin/admin.php'), include('wp-admin/admin-footer.php'), apply_filters('admin_footer_text'), WP_Hook->apply_filters, WC_Admin->admin_footer_text, wc_get_screen_ids, wc_get_attribute_taxonomies
[19-Feb-2018 14:56:39 UTC] PHP Fatal error:  Cannot redeclare enqueue_my_scripts() (previously declared in /srv/www/nsiiweb/htdocs/wp-content/themes/betheme/functions.php:195) in /srv/www/nsiiweb/htdocs/wp-content/plugins/js_composer/js_composer.php on line 899
[19-Feb-2018 14:56:41 UTC] PHP Fatal error:  Cannot redeclare enqueue_my_scripts() (previously declared in /srv/www/nsiiweb/htdocs/wp-content/themes/betheme/functions.php:195) in /srv/www/nsiiweb/htdocs/wp-content/plugins/js_composer/js_composer.php on line 899
[19-Feb-2018 14:56:41 UTC] PHP Fatal error:  Cannot redeclare enqueue_my_scripts() (previously declared in /srv/www/nsiiweb/htdocs/wp-content/themes/betheme/functions.php:195) in /srv/www/nsiiweb/htdocs/wp-content/plugins/js_composer/js_composer.php on line 899
[03-Apr-2018 08:07:08 UTC] PHP Notice:  Undefined index: SERVER_NAME in /srv/www/nsiiweb/htdocs/wp-content/plugins/LayerSlider/classes/class.km.autoupdate.v3.php on line 74
[03-Apr-2018 08:07:15 UTC] PHP Notice:  Undefined index: SERVER_NAME in /srv/www/nsiiweb/htdocs/wp-content/plugins/LayerSlider/classes/class.km.autoupdate.v3.php on line 74
[03-Apr-2018 08:07:16 UTC] PHP Notice:  Undefined index: SERVER_NAME in /srv/www/nsiiweb/htdocs/wp-content/plugins/LayerSlider/classes/class.km.autoupdate.v3.php on line 74
[03-Apr-2018 08:07:16 UTC] PHP Notice:  Undefined index: SERVER_NAME in /srv/www/nsiiweb/htdocs/wp-content/plugins/LayerSlider/classes/class.km.autoupdate.v3.php on line 74
[03-Apr-2018 08:07:17 UTC] PHP Notice:  Undefined index: SERVER_NAME in /srv/www/nsiiweb/htdocs/wp-content/plugins/LayerSlider/classes/class.km.autoupdate.v3.php on line 74
[03-Apr-2018 08:07:18 UTC] PHP Notice:  Undefined index: SERVER_NAME in /srv/www/nsiiweb/htdocs/wp-content/plugins/LayerSlider/classes/class.km.autoupdate.v3.php on line 74
[03-Apr-2018 08:07:19 UTC] PHP Notice:  Undefined index: SERVER_NAME in /srv/www/nsiiweb/htdocs/wp-content/plugins/LayerSlider/classes/class.km.autoupdate.v3.php on line 74
[03-Apr-2018 08:07:19 UTC] PHP Notice:  Undefined index: SERVER_NAME in /srv/www/nsiiweb/htdocs/wp-content/plugins/LayerSlider/classes/class.km.autoupdate.v3.php on line 74
[03-Apr-2018 08:14:23 UTC] PHP Warning:  An unexpected error occurred. Something may be wrong with WordPress.org or this server&#8217;s configuration. If you continue to have problems, please try the <a href="https://wordpress.org/support/">support forums</a>. (WordPress could not establish a secure connection to WordPress.org. Please contact your server administrator.) in /srv/www/nsiiweb/htdocs/wp-includes/update.php on line 155
[03-Apr-2018 08:15:23 UTC] PHP Warning:  An unexpected error occurred. Something may be wrong with WordPress.org or this server&#8217;s configuration. If you continue to have problems, please try the <a href="https://wordpress.org/support/">support forums</a>. (WordPress could not establish a secure connection to WordPress.org. Please contact your server administrator.) in /srv/www/nsiiweb/htdocs/wp-includes/update.php on line 347
